# JRE version: Java(TM) SE Runtime Environment (8.0_371) (build 1.8.0_371-b11)
# Java VM: Java HotSpot(TM) 64-Bit Server VM (25.371-b11 mixed mode windows-amd64 compressed oops)
Heap:
 PSYoungGen      total 66560K, used 38665K [0x0000000776180000, 0x000000077d280000, 0x00000007c0000000)
  eden space 57344K, 57% used [0x0000000776180000,0x0000000778182208,0x0000000779980000)
  from space 9216K, 63% used [0x0000000779980000,0x0000000779f40468,0x000000077a280000)
  to   space 8704K, 0% used [0x000000077ca00000,0x000000077ca00000,0x000000077d280000)
 ParOldGen       total 76288K, used 5999K [0x00000006e2400000, 0x00000006e6e80000, 0x0000000776180000)
  object space 76288K, 7% used [0x00000006e2400000,0x00000006e29dbe78,0x00000006e6e80000)
 Metaspace       used 29298K, capacity 31140K, committed 31360K, reserved 1077248K
  class space    used 3841K, capacity 4195K, committed 4224K, reserved 1048576K
GC Heap History (10 events):
Event: 2.323 GC heap before
{Heap before GC invocations=2 (full 0):
 PSYoungGen      total 66560K, used 63515K [0x0000000776180000, 0x000000077ab80000, 0x00000007c0000000)
  eden space 57344K, 100% used [0x0000000776180000,0x0000000779980000,0x0000000779980000)
  from space 9216K, 66% used [0x0000000779980000,0x0000000779f86f20,0x000000077a280000)
  to   space 9216K, 0% used [0x000000077a280000,0x000000077a280000,0x000000077ab80000)
 ParOldGen       total 151552K, used 16K [0x00000006e2400000, 0x00000006eb800000, 0x0000000776180000)
  object space 151552K, 0% used [0x00000006e2400000,0x00000006e2404000,0x00000006eb800000)
 Metaspace       used 18410K, capacity 19636K, committed 19840K, reserved 1067008K
  class space    used 2364K, capacity 2614K, committed 2688K, reserved 1048576K
Event: 2.327 GC heap after
Heap after GC invocations=2 (full 0):
 PSYoungGen      total 66560K, used 8302K [0x0000000776180000, 0x000000077ab80000, 0x00000007c0000000)
  eden space 57344K, 0% used [0x0000000776180000,0x0000000776180000,0x0000000779980000)
  from space 9216K, 90% used [0x000000077a280000,0x000000077aa9bb08,0x000000077ab80000)
  to   space 9216K, 0% used [0x0000000779980000,0x0000000779980000,0x000000077a280000)
 ParOldGen       total 151552K, used 24K [0x00000006e2400000, 0x00000006eb800000, 0x0000000776180000)
  object space 151552K, 0% used [0x00000006e2400000,0x00000006e2406000,0x00000006eb800000)
 Metaspace       used 18410K, capacity 19636K, committed 19840K, reserved 1067008K
  class space    used 2364K, capacity 2614K, committed 2688K, reserved 1048576K
}
Event: 2.401 GC heap before
{Heap before GC invocations=3 (full 0):
 PSYoungGen      total 66560K, used 22569K [0x0000000776180000, 0x000000077ab80000, 0x00000007c0000000)
  eden space 57344K, 24% used [0x0000000776180000,0x0000000776f6eaa8,0x0000000779980000)
  from space 9216K, 90% used [0x000000077a280000,0x000000077aa9bb08,0x000000077ab80000)
  to   space 9216K, 0% used [0x0000000779980000,0x0000000779980000,0x000000077a280000)
 ParOldGen       total 151552K, used 24K [0x00000006e2400000, 0x00000006eb800000, 0x0000000776180000)
  object space 151552K, 0% used [0x00000006e2400000,0x00000006e2406000,0x00000006eb800000)
 Metaspace       used 19807K, capacity 21140K, committed 21296K, reserved 1067008K
  class space    used 2580K, capacity 2840K, committed 2944K, reserved 1048576K
Event: 4.420 GC heap after
Heap after GC invocations=3 (full 0):
 PSYoungGen      total 66560K, used 6176K [0x0000000776180000, 0x000000077ab80000, 0x00000007c0000000)
  eden space 57344K, 0% used [0x0000000776180000,0x0000000776180000,0x0000000779980000)
  from space 9216K, 67% used [0x0000000779980000,0x0000000779f88388,0x000000077a280000)
  to   space 9216K, 0% used [0x000000077a280000,0x000000077a280000,0x000000077ab80000)
 ParOldGen       total 151552K, used 32K [0x00000006e2400000, 0x00000006eb800000, 0x0000000776180000)
  object space 151552K, 0% used [0x00000006e2400000,0x00000006e2408000,0x00000006eb800000)
 Metaspace       used 19807K, capacity 21140K, committed 21296K, reserved 1067008K
  class space    used 2580K, capacity 2840K, committed 2944K, reserved 1048576K
}
Event: 4.420 GC heap before
{Heap before GC invocations=4 (full 1):
 PSYoungGen      total 66560K, used 6176K [0x0000000776180000, 0x000000077ab80000, 0x00000007c0000000)
  eden space 57344K, 0% used [0x0000000776180000,0x0000000776180000,0x0000000779980000)
  from space 9216K, 67% used [0x0000000779980000,0x0000000779f88388,0x000000077a280000)
  to   space 9216K, 0% used [0x000000077a280000,0x000000077a280000,0x000000077ab80000)
 ParOldGen       total 151552K, used 32K [0x00000006e2400000, 0x00000006eb800000, 0x0000000776180000)
  object space 151552K, 0% used [0x00000006e2400000,0x00000006e2408000,0x00000006eb800000)
 Metaspace       used 19807K, capacity 21140K, committed 21296K, reserved 1067008K
  class space    used 2580K, capacity 2840K, committed 2944K, reserved 1048576K
Event: 4.441 GC heap after
Heap after GC invocations=4 (full 1):
 PSYoungGen      total 66560K, used 0K [0x0000000776180000, 0x000000077ab80000, 0x00000007c0000000)
  eden space 57344K, 0% used [0x0000000776180000,0x0000000776180000,0x0000000779980000)
  from space 9216K, 0% used [0x0000000779980000,0x0000000779980000,0x000000077a280000)
  to   space 9216K, 0% used [0x000000077a280000,0x000000077a280000,0x000000077ab80000)
 ParOldGen       total 76288K, used 5991K [0x00000006e2400000, 0x00000006e6e80000, 0x0000000776180000)
  object space 76288K, 7% used [0x00000006e2400000,0x00000006e29d9e78,0x00000006e6e80000)
 Metaspace       used 19807K, capacity 21140K, committed 21296K, reserved 1067008K
  class space    used 2580K, capacity 2840K, committed 2944K, reserved 1048576K
}
Event: 4.700 GC heap before
{Heap before GC invocations=5 (full 1):
 PSYoungGen      total 66560K, used 57344K [0x0000000776180000, 0x000000077ab80000, 0x00000007c0000000)
  eden space 57344K, 100% used [0x0000000776180000,0x0000000779980000,0x0000000779980000)
  from space 9216K, 0% used [0x0000000779980000,0x0000000779980000,0x000000077a280000)
  to   space 9216K, 0% used [0x000000077a280000,0x000000077a280000,0x000000077ab80000)
 ParOldGen       total 76288K, used 5991K [0x00000006e2400000, 0x00000006e6e80000, 0x0000000776180000)
  object space 76288K, 7% used [0x00000006e2400000,0x00000006e29d9e78,0x00000006e6e80000)
 Metaspace       used 25039K, capacity 26560K, committed 26624K, reserved 1073152K
  class space    used 3279K, capacity 3569K, committed 3584K, reserved 1048576K
Event: 4.703 GC heap after
Heap after GC invocations=5 (full 1):
 PSYoungGen      total 66560K, used 6562K [0x0000000776180000, 0x000000077d480000, 0x00000007c0000000)
  eden space 57344K, 0% used [0x0000000776180000,0x0000000776180000,0x0000000779980000)
  from space 9216K, 71% used [0x000000077a280000,0x000000077a8e88c8,0x000000077ab80000)
  to   space 9216K, 0% used [0x0000000779980000,0x0000000779980000,0x000000077a280000)
 ParOldGen       total 76288K, used 5991K [0x00000006e2400000, 0x00000006e6e80000, 0x0000000776180000)
  object space 76288K, 7% used [0x00000006e2400000,0x00000006e29d9e78,0x00000006e6e80000)
 Metaspace       used 25039K, capacity 26560K, committed 26624K, reserved 1073152K
  class space    used 3279K, capacity 3569K, committed 3584K, reserved 1048576K
}
Event: 5.044 GC heap before
{Heap before GC invocations=6 (full 1):
 PSYoungGen      total 66560K, used 63906K [0x0000000776180000, 0x000000077d480000, 0x00000007c0000000)
  eden space 57344K, 100% used [0x0000000776180000,0x0000000779980000,0x0000000779980000)
  from space 9216K, 71% used [0x000000077a280000,0x000000077a8e88c8,0x000000077ab80000)
  to   space 9216K, 0% used [0x0000000779980000,0x0000000779980000,0x000000077a280000)
 ParOldGen       total 76288K, used 5991K [0x00000006e2400000, 0x00000006e6e80000, 0x0000000776180000)
  object space 76288K, 7% used [0x00000006e2400000,0x00000006e29d9e78,0x00000006e6e80000)
 Metaspace       used 27670K, capacity 29396K, committed 29568K, reserved 1075200K
  class space    used 3616K, capacity 3923K, committed 3968K, reserved 1048576K
Event: 5.047 GC heap after
Heap after GC invocations=6 (full 1):
 PSYoungGen      total 66560K, used 5889K [0x0000000776180000, 0x000000077d280000, 0x00000007c0000000)
  eden space 57344K, 0% used [0x0000000776180000,0x0000000776180000,0x0000000779980000)
  from space 9216K, 63% used [0x0000000779980000,0x0000000779f40468,0x000000077a280000)
  to   space 8704K, 0% used [0x000000077ca00000,0x000000077ca00000,0x000000077d280000)
 ParOldGen       total 76288K, used 5999K [0x00000006e2400000, 0x00000006e6e80000, 0x0000000776180000)
  object space 76288K, 7% used [0x00000006e2400000,0x00000006e29dbe78,0x00000006e6e80000)
 Metaspace       used 27670K, capacity 29396K, committed 29568K, reserved 1075200K
  class space    used 3616K, capacity 3923K, committed 3968K, reserved 1048576K
}

